app/build/intermediates/manifest_merge_blame_file/debug/manifest-merger-blame-debug-report.txt
1<?xml version="1.0" encoding="utf-8"?>
2<manifest xmlns:android="http://schemas.android.com/apk/res/android"
3    package="com.example.daily"
4    android:versionCode="1"
5    android:versionName="1.0" >
6
7    <uses-sdk
8        android:minSdkVersion="28"
8-->src\main\AndroidManifest.xml
9        android:targetSdkVersion="28" />
9-->src\main\AndroidManifest.xml
10
11    <uses-permission android:name="android.permission.INTERNET" />
11-->src\main\AndroidManifest.xml:5:5-66
11-->src\main\AndroidManifest.xml:5:22-64
12    <uses-permission android:name="android.permission.READ_EXTERNAL_STORAGE" />
12-->src\main\AndroidManifest.xml:6:5-79
12-->src\main\AndroidManifest.xml:6:22-77
13    <uses-permission android:name="android.permission.WRITE_EXTERNAL_STORAGE" />
13-->src\main\AndroidManifest.xml:7:5-80
13-->src\main\AndroidManifest.xml:7:22-78
14    <uses-permission android:name="android.permission.CAMERA" />
14-->src\main\AndroidManifest.xml:8:5-64
14-->src\main\AndroidManifest.xml:8:22-62
15
16    <uses-feature android:name="android.hardware.camera2" />
16-->src\main\AndroidManifest.xml:10:5-60
16-->src\main\AndroidManifest.xml:10:19-58
17
18    <application
18-->src\main\AndroidManifest.xml:12:5-51:19
19        android:allowBackup="true"
19-->src\main\AndroidManifest.xml:13:13-39
20        android:appComponentFactory="androidx.core.app.CoreComponentFactory"
20-->[androidx.core:core:1.3.1] AndroidManifest.xml:24:18-86
21        android:debuggable="true"
22        android:extractNativeLibs="false"
23        android:icon="@mipmap/ic_launcher"
23-->src\main\AndroidManifest.xml:14:13-47
24        android:label="@string/app_name"
24-->src\main\AndroidManifest.xml:15:13-45
25        android:roundIcon="@mipmap/ic_launcher_round"
25-->src\main\AndroidManifest.xml:16:13-58
26        android:supportsRtl="true"
26-->src\main\AndroidManifest.xml:17:13-39
27        android:testOnly="true"
28        android:theme="@style/AppTheme"
28-->src\main\AndroidManifest.xml:18:13-44
29        android:usesCleartextTraffic="true" >
29-->src\main\AndroidManifest.xml:19:13-48
30        <activity android:name="com.example.daily.DailyCusatomDialog" >
30-->src\main\AndroidManifest.xml:20:9-21:20
30-->src\main\AndroidManifest.xml:20:19-53
31        </activity>
32        <activity android:name="com.example.daily.DailyRecyclerItem" >
32-->src\main\AndroidManifest.xml:22:9-23:20
32-->src\main\AndroidManifest.xml:22:19-52
33        </activity>
34        <activity android:name="com.example.daily.MainActivity" >
34-->src\main\AndroidManifest.xml:24:9-25:20
34-->src\main\AndroidManifest.xml:24:19-47
35        </activity>
36        <activity android:name="com.example.daily.FindPw" >
36-->src\main\AndroidManifest.xml:26:9-27:20
36-->src\main\AndroidManifest.xml:26:19-41
37        </activity>
38        <activity android:name="com.example.daily.Loginpage" >
38-->src\main\AndroidManifest.xml:28:9-29:20
38-->src\main\AndroidManifest.xml:28:19-44
39        </activity>
40        <activity android:name="com.example.daily.SignIn" >
40-->src\main\AndroidManifest.xml:30:9-31:20
40-->src\main\AndroidManifest.xml:30:19-41
41        </activity>
42        <activity android:name="com.example.daily.LogIN" >
42-->src\main\AndroidManifest.xml:32:9-33:20
42-->src\main\AndroidManifest.xml:32:19-40
43        </activity>
44        <activity android:name="com.example.daily.Loading" >
44-->src\main\AndroidManifest.xml:34:9-40:20
44-->src\main\AndroidManifest.xml:34:19-42
45            <intent-filter>
45-->src\main\AndroidManifest.xml:35:13-39:29
46                <action android:name="android.intent.action.MAIN" />
46-->src\main\AndroidManifest.xml:36:17-68
46-->src\main\AndroidManifest.xml:36:25-66
47
48                <category android:name="android.intent.category.LAUNCHER" />
48-->src\main\AndroidManifest.xml:38:17-76
48-->src\main\AndroidManifest.xml:38:27-74
49            </intent-filter>
50        </activity>
51
52        <provider
52-->src\main\AndroidManifest.xml:42:9-50:20
53            android:name="androidx.core.content.FileProvider"
53-->src\main\AndroidManifest.xml:43:17-66
54            android:authorities="androidx.core.content.FileProvider"
54-->src\main\AndroidManifest.xml:44:17-73
55            android:exported="false"
55-->src\main\AndroidManifest.xml:45:17-41
56            android:grantUriPermissions="true" >
56-->src\main\AndroidManifest.xml:46:17-51
57            <meta-data
57-->src\main\AndroidManifest.xml:47:13-49:57
58                android:name="android.support.FILE_PROVIDER_PATHS"
58-->src\main\AndroidManifest.xml:48:21-71
59                android:resource="@xml/file_paths" />
59-->src\main\AndroidManifest.xml:49:21-55
60        </provider>
61
62        <activity
62-->[gun0912.ted:tedpermission:2.2.3] AndroidManifest.xml:10:9-14:67
63            android:name="com.gun0912.tedpermission.TedPermissionActivity"
63-->[gun0912.ted:tedpermission:2.2.3] AndroidManifest.xml:11:13-75
64            android:configChanges="mcc|mnc|locale|keyboard|keyboardHidden|screenLayout|fontScale|uiMode|orientation|screenSize|layoutDirection"
64-->[gun0912.ted:tedpermission:2.2.3] AndroidManifest.xml:12:13-144
65            android:screenOrientation="unspecified"
65-->[gun0912.ted:tedpermission:2.2.3] AndroidManifest.xml:13:13-52
66            android:theme="@style/Theme.Transparent.Permission" />
66-->[gun0912.ted:tedpermission:2.2.3] AndroidManifest.xml:14:13-64
67    </application>
68
69</manifest>